<?xml version="1.0" encoding="UTF-8"?>
<!-- Generated by org.testng.reporters.JUnitReportReporter -->
<testsuite hostname="DESKTOP-C7NDU0E" failures="0" tests="1" name="TestNg_failing.Amazon" time="7.359" errors="0" timestamp="2023-10-06T20:18:37 IST" skipped="0">
  <testcase classname="TestNg_failing.Amazon" name="amazon" time="7.359"/>
  <system-out/>
</testsuite> <!-- TestNg_failing.Amazon -->
