<?xml version="1.0" encoding="UTF-8"?>
<!-- Generated by org.testng.reporters.JUnitReportReporter -->
<testsuite hostname="DESKTOP-C7NDU0E" failures="0" tests="1" name="TestNg_sequential.Facebook" time="5.990" errors="0" timestamp="2023-10-04T20:42:40 IST" skipped="0">
  <testcase classname="TestNg_sequential.Facebook" name="facebook" time="5.990"/>
  <system-out/>
</testsuite> <!-- TestNg_sequential.Facebook -->
