<?xml version="1.0" encoding="UTF-8"?>
<!-- Generated by org.testng.reporters.JUnitReportReporter -->
<testsuite hostname="DESKTOP-C7NDU0E" failures="0" tests="2" name="TestNg_group.Sample2" time="0.015" errors="0" timestamp="2023-10-05T20:31:30 IST" skipped="0">
  <testcase classname="TestNg_group.Sample2" name="demo4" time="0.014"/>
  <system-out/>
  <testcase classname="TestNg_group.Sample2" name="demo6" time="0.001"/>
  <system-out/>
</testsuite> <!-- TestNg_group.Sample2 -->
