<?xml version="1.0" encoding="UTF-8"?>
<!-- Generated by org.testng.reporters.JUnitReportReporter -->
<testsuite hostname="DESKTOP-C7NDU0E" failures="0" tests="1" name="TestNg_group.Sample1" time="0.002" errors="0" timestamp="2023-10-05T20:31:30 IST" skipped="0">
  <testcase classname="TestNg_group.Sample1" name="demo2" time="0.002"/>
  <system-out/>
</testsuite> <!-- TestNg_group.Sample1 -->
