<?xml version="1.0" encoding="UTF-8"?>
<!-- Generated by org.testng.reporters.JUnitReportReporter -->
<testsuite hostname="DESKTOP-C7NDU0E" failures="0" tests="3" name="TestNg.Annotations" time="39.064" errors="0" timestamp="2023-10-06T19:49:43 IST" skipped="0">
  <testcase classname="TestNg.Annotations" name="snapdeal" time="29.844"/>
  <system-out/>
  <testcase classname="TestNg.Annotations" name="amazon" time="5.117"/>
  <system-out/>
  <testcase classname="TestNg.Annotations" name="facebook" time="4.103"/>
  <system-out/>
</testsuite> <!-- TestNg.Annotations -->
