<?xml version="1.0" encoding="UTF-8"?>
<!-- Generated by org.testng.reporters.JUnitReportReporter -->
<testsuite hostname="DESKTOP-C7NDU0E" failures="0" tests="3" name="TestNg.Data_provider" time="19.179" errors="0" timestamp="2023-10-06T20:50:41 IST" skipped="0">
  <testcase classname="TestNg.Data_provider" name="facebook" time="8.126"/>
  <system-out/>
  <testcase classname="TestNg.Data_provider" name="facebook" time="5.503"/>
  <system-out/>
  <testcase classname="TestNg.Data_provider" name="facebook" time="5.550"/>
  <system-out/>
</testsuite> <!-- TestNg.Data_provider -->
