<?xml version="1.0" encoding="UTF-8"?>
<!-- Generated by org.testng.reporters.JUnitReportReporter -->
<testsuite hostname="DESKTOP-C7NDU0E" failures="0" tests="9" name="TestNg.Priority_invocation_Enabled" time="0.032" errors="0" timestamp="2023-10-04T20:19:17 IST" skipped="0">
  <testcase classname="TestNg.Priority_invocation_Enabled" name="demo2" time="0.001"/>
  <system-out/>
  <testcase classname="TestNg.Priority_invocation_Enabled" name="demo2" time="0.004"/>
  <system-out/>
  <testcase classname="TestNg.Priority_invocation_Enabled" name="demo2" time="0.011"/>
  <system-out/>
  <testcase classname="TestNg.Priority_invocation_Enabled" name="demo2" time="0.001"/>
  <system-out/>
  <testcase classname="TestNg.Priority_invocation_Enabled" name="demo1" time="0.002"/>
  <system-out/>
  <testcase classname="TestNg.Priority_invocation_Enabled" name="demo1" time="0.009"/>
  <system-out/>
  <testcase classname="TestNg.Priority_invocation_Enabled" name="demo3" time="0.002"/>
  <system-out/>
  <testcase classname="TestNg.Priority_invocation_Enabled" name="demo3" time="0.001"/>
  <system-out/>
  <testcase classname="TestNg.Priority_invocation_Enabled" name="demo3" time="0.001"/>
  <system-out/>
</testsuite> <!-- TestNg.Priority_invocation_Enabled -->
