<?xml version="1.0" encoding="UTF-8"?>
<!-- Generated by org.testng.reporters.JUnitReportReporter -->
<testsuite hostname="DESKTOP-C7NDU0E" failures="0" tests="2" name="TestNg.Assertion" time="8.377" errors="0" timestamp="2023-10-05T20:56:58 IST" skipped="0">
  <testcase classname="TestNg.Assertion" name="fb" time="7.885"/>
  <system-out/>
  <testcase classname="TestNg.Assertion" name="quitting" time="0.492"/>
  <system-out/>
</testsuite> <!-- TestNg.Assertion -->
