<?xml version="1.0" encoding="UTF-8"?>
<!-- Generated by org.testng.reporters.JUnitReportReporter -->
<testsuite hostname="DESKTOP-C7NDU0E" failures="0" tests="1" name="TestNg_failing.Facebook" time="6.606" errors="0" timestamp="2023-10-06T20:19:43 IST" skipped="0">
  <testcase classname="TestNg_failing.Facebook" name="facebook" time="6.606"/>
  <system-out/>
</testsuite> <!-- TestNg_failing.Facebook -->
