<?xml version="1.0" encoding="UTF-8"?>
<!-- Generated by org.testng.reporters.JUnitReportReporter -->
<testsuite hostname="DESKTOP-C7NDU0E" failures="0" tests="1" name="TestNg_sequential.Snapdeal" time="8.031" errors="0" timestamp="2023-10-04T20:42:41 IST" skipped="0">
  <testcase classname="TestNg_sequential.Snapdeal" name="snapdeal" time="8.031"/>
  <system-out/>
</testsuite> <!-- TestNg_sequential.Snapdeal -->
