<?xml version="1.0" encoding="UTF-8"?>
<!-- Generated by org.testng.reporters.JUnitReportReporter -->
<testsuite hostname="DESKTOP-C7NDU0E" failures="0" tests="1" name="TestNg_parallel.amazon" time="12.721" errors="0" timestamp="2023-10-05T19:37:26 IST" skipped="0">
  <testcase classname="TestNg_parallel.amazon" name="Amazon" time="12.721"/>
  <system-out/>
</testsuite> <!-- TestNg_parallel.amazon -->
