<?xml version="1.0" encoding="UTF-8"?>
<!-- Generated by org.testng.reporters.JUnitReportReporter -->
<testsuite hostname="DESKTOP-C7NDU0E" failures="0" tests="2" name="TestNg_parallel.facebook_compatability" time="12.387" errors="0" timestamp="2023-10-05T20:09:04 IST" skipped="0">
  <testcase classname="TestNg_parallel.facebook_compatability" name="fbc" time="7.267"/>
  <system-out/>
  <testcase classname="TestNg_parallel.facebook_compatability" name="fbc" time="5.120"/>
  <system-out/>
</testsuite> <!-- TestNg_parallel.facebook_compatability -->
